<?xml version="1.0" encoding="UTF-8"?>
<!-- Generated by org.testng.reporters.JUnitReportReporter -->
<testsuite skipped="0" hostname="LAPTOP-0OIRHLOO" name="com.employeeapi.testcase.TC004_UpdateEmpDetails" tests="3" failures="0" timestamp="24 Jun 2019 13:39:24 GMT" time="0.024" errors="0">
  <testcase name="checkStatusCode" time="0.001" classname="com.employeeapi.testcase.TC004_UpdateEmpDetails"/>
  <testcase name="checkStatusLine" time="0.001" classname="com.employeeapi.testcase.TC004_UpdateEmpDetails"/>
  <testcase name="checUpdateDetails" time="0.022" classname="com.employeeapi.testcase.TC004_UpdateEmpDetails"/>
</testsuite> <!-- com.employeeapi.testcase.TC004_UpdateEmpDetails -->
