<?xml version="1.0" encoding="UTF-8"?>
<!-- Generated by org.testng.reporters.JUnitReportReporter -->
<testsuite skipped="0" hostname="LAPTOP-0OIRHLOO" name="com.employeeapi.testcase.TC003_CreateAnEmployee" tests="6" failures="0" timestamp="24 Jun 2019 13:39:24 GMT" time="0.366" errors="0">
  <testcase name="checkResponse" time="0.359" classname="com.employeeapi.testcase.TC003_CreateAnEmployee"/>
  <testcase name="checkContentType" time="0.001" classname="com.employeeapi.testcase.TC003_CreateAnEmployee"/>
  <testcase name="chcekStatusLine" time="0.001" classname="com.employeeapi.testcase.TC003_CreateAnEmployee"/>
  <testcase name="checkStatusCode" time="0.002" classname="com.employeeapi.testcase.TC003_CreateAnEmployee"/>
  <testcase name="checkContentEncoding" time="0.001" classname="com.employeeapi.testcase.TC003_CreateAnEmployee"/>
  <testcase name="checkServerType" time="0.002" classname="com.employeeapi.testcase.TC003_CreateAnEmployee"/>
</testsuite> <!-- com.employeeapi.testcase.TC003_CreateAnEmployee -->
