<?xml version="1.0" encoding="UTF-8"?>
<!-- Generated by org.testng.reporters.JUnitReportReporter -->
<testsuite skipped="0" hostname="LAPTOP-0OIRHLOO" name="com.employeeapi.testcase.TC002_SearchForEmp" tests="5" failures="0" timestamp="24 Jun 2019 13:39:24 GMT" time="0.010" errors="0">
  <testcase name="checkEmployeeDetails" time="0.003" classname="com.employeeapi.testcase.TC002_SearchForEmp"/>
  <testcase name="checkStatusCode" time="0.001" classname="com.employeeapi.testcase.TC002_SearchForEmp"/>
  <testcase name="checkServer" time="0.002" classname="com.employeeapi.testcase.TC002_SearchForEmp"/>
  <testcase name="checkCookies" time="0.003" classname="com.employeeapi.testcase.TC002_SearchForEmp"/>
  <testcase name="checkStatusLine" time="0.001" classname="com.employeeapi.testcase.TC002_SearchForEmp"/>
</testsuite> <!-- com.employeeapi.testcase.TC002_SearchForEmp -->
