<?xml version="1.0" encoding="UTF-8"?>
<!-- Generated by org.testng.reporters.JUnitReportReporter -->
<testsuite skipped="0" hostname="LAPTOP-0OIRHLOO" name="com.employeeapi.testcase.TC001_GetAllEmployees" tests="7" failures="0" timestamp="24 Jun 2019 13:39:24 GMT" time="0.045" errors="0">
  <testcase name="checkContentEncoding" time="0.006" classname="com.employeeapi.testcase.TC001_GetAllEmployees"/>
  <testcase name="checkStatusLine" time="0.001" classname="com.employeeapi.testcase.TC001_GetAllEmployees"/>
  <testcase name="checkContentLength" time="0.001" classname="com.employeeapi.testcase.TC001_GetAllEmployees"/>
  <testcase name="checkContentType" time="0.002" classname="com.employeeapi.testcase.TC001_GetAllEmployees"/>
  <testcase name="checkResponseTime" time="0.001" classname="com.employeeapi.testcase.TC001_GetAllEmployees"/>
  <testcase name="checkResponseBody" time="0.033" classname="com.employeeapi.testcase.TC001_GetAllEmployees"/>
  <testcase name="checkStatusCode" time="0.001" classname="com.employeeapi.testcase.TC001_GetAllEmployees"/>
</testsuite> <!-- com.employeeapi.testcase.TC001_GetAllEmployees -->
