<?xml version="1.0" encoding="UTF-8"?>
<!-- Generated by org.testng.reporters.JUnitReportReporter -->
<testsuite skipped="0" hostname="LAPTOP-0OIRHLOO" name="com.employeeapi.testcase.TC005_DeleteAnEmployee" tests="2" failures="0" timestamp="24 Jun 2019 13:39:24 GMT" time="1.375" errors="0">
  <testcase name="checkEmpExistsAfterDelete" time="1.374" classname="com.employeeapi.testcase.TC005_DeleteAnEmployee"/>
  <testcase name="checkReponseMessage" time="0.001" classname="com.employeeapi.testcase.TC005_DeleteAnEmployee"/>
</testsuite> <!-- com.employeeapi.testcase.TC005_DeleteAnEmployee -->
